{"/Users/nhatnguyen/Desktop/Nhat Nguyen/Training/React/react-training/react-advanced-examples/src/components/Link/index.tsx": {"path":"/Users/nhatnguyen/Desktop/Nhat Nguyen/Training/React/react-training/react-advanced-examples/src/components/Link/index.tsx","statementMap":{"0":{"start":{"line":3,"column":15},"end":{"line":6,"column":1}},"1":{"start":{"line":8,"column":13},"end":{"line":23,"column":1}},"2":{"start":{"line":9,"column":30},"end":{"line":9,"column":53}},"3":{"start":{"line":11,"column":23},"end":{"line":13,"column":3}},"4":{"start":{"line":12,"column":4},"end":{"line":12,"column":30}},"5":{"start":{"line":14,"column":23},"end":{"line":16,"column":3}},"6":{"start":{"line":15,"column":4},"end":{"line":15,"column":29}},"7":{"start":{"line":18,"column":2},"end":{"line":22,"column":4}}},"fnMap":{"0":{"name":"(anonymous_0)","decl":{"start":{"line":8,"column":13},"end":{"line":8,"column":14}},"loc":{"start":{"line":8,"column":81},"end":{"line":23,"column":1}},"line":8},"1":{"name":"(anonymous_1)","decl":{"start":{"line":11,"column":23},"end":{"line":11,"column":24}},"loc":{"start":{"line":11,"column":29},"end":{"line":13,"column":3}},"line":11},"2":{"name":"(anonymous_2)","decl":{"start":{"line":14,"column":23},"end":{"line":14,"column":24}},"loc":{"start":{"line":14,"column":29},"end":{"line":16,"column":3}},"line":14}},"branchMap":{"0":{"loc":{"start":{"line":19,"column":13},"end":{"line":19,"column":24}},"type":"binary-expr","locations":[{"start":{"line":19,"column":13},"end":{"line":19,"column":17}},{"start":{"line":19,"column":21},"end":{"line":19,"column":24}}],"line":19}},"s":{"0":1,"1":1,"2":3,"3":3,"4":1,"5":3,"6":1,"7":3},"f":{"0":3,"1":1,"2":1},"b":{"0":[3,0]},"_coverageSchema":"1a1c01bbd47fc00a2c39e90264f33305004495a9","hash":"c9bb4b0d35e69f3864f01980f0096717579047e5"}
}
